<?xml version="1.0" encoding="UTF-8"?>
<!-- Generated by org.testng.reporters.JUnitReportReporter -->
<testsuite hostname="DESKTOP-C4IGJ3L" failures="0" tests="1" name="testCase.AccountRegistrationTest" time="11.429" errors="0" timestamp="2025-08-04T16:54:26 IST" skipped="0">
  <testcase classname="testCase.AccountRegistrationTest" name="account_registration_test" time="11.429"/>
</testsuite> <!-- testCase.AccountRegistrationTest -->
