<?xml version="1.0" encoding="UTF-8"?>
<!-- Generated by org.testng.reporters.JUnitReportReporter -->
<testsuite hostname="DESKTOP-C4IGJ3L" failures="0" tests="1" name="testCase.TC002_LoginPage" time="2.400" errors="0" timestamp="2025-08-04T16:54:26 IST" skipped="0">
  <testcase classname="testCase.TC002_LoginPage" name="validate_login" time="2.400"/>
</testsuite> <!-- testCase.TC002_LoginPage -->
